26-04-2024 14:45:23.272 [main] INFO  page.BasePage - Brower has been set to chrome
26-04-2024 14:45:23.281 [main] INFO  page.BasePage - Brower has been maximized
26-04-2024 14:45:42.861 [main] INFO  page.HomePage - Moving to Language Select Page
26-04-2024 14:45:44.130 [main] INFO  page.LanguageSelectPage - Selecting Language hi
26-04-2024 14:45:44.157 [main] INFO  page.LanguageSelectPage - Language Changed to hi
26-04-2024 14:45:45.059 [main] INFO  page.BasePage - Brower has been set to chrome
26-04-2024 14:45:45.059 [main] INFO  page.BasePage - Brower has been maximized
26-04-2024 14:45:49.201 [main] INFO  page.HomePage - Moving to Language Select Page
26-04-2024 14:45:50.288 [main] INFO  page.LanguageSelectPage - Selecting Language hi
26-04-2024 14:45:50.329 [main] INFO  page.LanguageSelectPage - Language Changed to hi
26-04-2024 14:45:51.388 [main] INFO  page.BasePage - Brower has been set to chrome
26-04-2024 14:45:51.388 [main] INFO  page.BasePage - Brower has been maximized
26-04-2024 14:45:54.990 [main] INFO  tests.SignInPageTest - Checking page title
26-04-2024 14:45:54.991 [main] INFO  page.HomePage - Moving to Sign IN Page
26-04-2024 14:45:56.752 [main] INFO  page.BasePage - Brower has been set to chrome
26-04-2024 14:45:56.752 [main] INFO  page.BasePage - Brower has been maximized
26-04-2024 14:45:59.755 [main] INFO  page.HomePage - Moving to Sign IN Page
26-04-2024 14:46:01.397 [main] WARN  tests.SignInPageTest - Testing with Invalid Email
26-04-2024 14:46:01.398 [main] INFO  page.SignInPage - Enetering Email testtest.com
26-04-2024 14:46:03.115 [main] INFO  page.BasePage - Brower has been set to chrome
26-04-2024 14:46:03.115 [main] INFO  page.BasePage - Brower has been maximized
26-04-2024 14:46:07.346 [main] INFO  page.HomePage - Moving to Sign IN Page
26-04-2024 14:46:08.925 [main] WARN  tests.SignInPageTest - Testing with Wrong Credentials
26-04-2024 14:46:08.926 [main] INFO  page.SignInPage - Enetering Email test@test.com
26-04-2024 14:46:14.978 [main] INFO  page.SignInPage - Enetering password qq
26-04-2024 14:46:21.359 [main] INFO  page.BasePage - Brower has been set to chrome
26-04-2024 14:46:21.359 [main] INFO  page.BasePage - Brower has been maximized
26-04-2024 14:46:24.283 [main] INFO  tests.HomeTest - Checking page Logo visibility
26-04-2024 14:46:25.792 [main] INFO  page.BasePage - Brower has been set to chrome
26-04-2024 14:46:25.793 [main] INFO  page.BasePage - Brower has been maximized
26-04-2024 15:12:57.184 [main] INFO  page.BasePage - Brower has been set to chrome
26-04-2024 15:12:57.201 [main] INFO  page.BasePage - Brower has been maximized
26-04-2024 15:13:24.906 [main] INFO  page.HomePage - Moving to Language Select Page
26-04-2024 15:13:25.773 [main] INFO  page.LanguageSelectPage - Selecting Language hi
26-04-2024 15:13:25.845 [main] INFO  page.LanguageSelectPage - Language Changed to hi
26-04-2024 15:13:26.649 [main] INFO  page.BasePage - Brower has been set to chrome
26-04-2024 15:13:26.649 [main] INFO  page.BasePage - Brower has been maximized
26-04-2024 15:13:29.390 [main] INFO  page.HomePage - Moving to Language Select Page
26-04-2024 15:13:31.113 [main] INFO  page.LanguageSelectPage - Selecting Language hi
26-04-2024 15:13:31.129 [main] INFO  page.LanguageSelectPage - Language Changed to hi
26-04-2024 15:13:31.932 [main] INFO  page.BasePage - Brower has been set to chrome
26-04-2024 15:13:31.932 [main] INFO  page.BasePage - Brower has been maximized
26-04-2024 15:13:34.933 [main] INFO  tests.SignInPageTest - Checking page title
26-04-2024 15:13:34.944 [main] INFO  page.HomePage - Moving to Sign IN Page
26-04-2024 15:13:37.114 [main] INFO  page.BasePage - Brower has been set to chrome
26-04-2024 15:13:37.114 [main] INFO  page.BasePage - Brower has been maximized
26-04-2024 15:13:40.295 [main] INFO  page.HomePage - Moving to Sign IN Page
26-04-2024 15:13:42.087 [main] WARN  tests.SignInPageTest - Testing with Invalid Email
26-04-2024 15:13:42.087 [main] INFO  page.SignInPage - Enetering Email testtest.com
26-04-2024 15:13:43.739 [main] INFO  page.BasePage - Brower has been set to chrome
26-04-2024 15:13:43.739 [main] INFO  page.BasePage - Brower has been maximized
26-04-2024 15:13:47.180 [main] INFO  page.HomePage - Moving to Sign IN Page
26-04-2024 15:13:48.248 [main] WARN  tests.SignInPageTest - Testing with Wrong Credentials
26-04-2024 15:13:48.248 [main] INFO  page.SignInPage - Enetering Email test@test.com
26-04-2024 15:13:51.891 [main] INFO  page.SignInPage - Enetering password qq
26-04-2024 15:13:57.737 [main] INFO  page.BasePage - Brower has been set to chrome
26-04-2024 15:13:57.739 [main] INFO  page.BasePage - Brower has been maximized
26-04-2024 15:14:01.312 [main] INFO  tests.HomeTest - Checking page Logo visibility
26-04-2024 15:14:02.096 [main] INFO  page.BasePage - Brower has been set to chrome
26-04-2024 15:14:02.096 [main] INFO  page.BasePage - Brower has been maximized
26-04-2024 15:14:06.018 [main] INFO  tests.HomeTest - Checking Search bar functionality
26-04-2024 15:14:06.019 [main] INFO  page.HomePage - Moving to Search Page for product phone
26-04-2024 15:14:08.999 [main] INFO  page.BasePage - Brower has been set to chrome
26-04-2024 15:14:09.000 [main] INFO  page.BasePage - Brower has been maximized
26-04-2024 15:14:12.644 [main] INFO  page.HomePage - Moving to Search Page for product phone
26-04-2024 15:14:15.000 [main] INFO  page.HomePage - Adding Product to Cart
26-04-2024 15:14:17.046 [main] INFO  page.BasePage - Brower has been set to chrome
26-04-2024 15:14:17.046 [main] INFO  page.BasePage - Brower has been maximized
26-04-2024 15:14:19.903 [main] INFO  page.HomePage - Moving to Search Page for product phone
26-04-2024 15:14:22.883 [main] INFO  page.HomePage - Adding no Product to Cart
26-04-2024 15:14:23.737 [main] INFO  page.BasePage - Brower has been set to chrome
26-04-2024 15:14:23.737 [main] INFO  page.BasePage - Brower has been maximized
26-04-2024 15:14:26.889 [main] INFO  tests.HomeTest - Checking page Logo visibility
29-04-2024 13:07:01.435 [main] INFO  page.BasePage - Brower has been set to chrome
29-04-2024 13:07:01.444 [main] INFO  page.BasePage - Brower has been maximized
29-04-2024 13:07:13.241 [main] INFO  page.HomePage - Moving to Language Select Page
29-04-2024 13:07:14.156 [main] INFO  page.LanguageSelectPage - Selecting Language hi
29-04-2024 13:07:14.174 [main] INFO  page.LanguageSelectPage - Language Changed to hi
29-04-2024 13:07:14.813 [main] INFO  page.HomePage - Moving to Language Select Page
29-04-2024 13:07:14.846 [main] INFO  tests.SignInPageTest - Checking page title
29-04-2024 13:07:14.846 [main] INFO  page.HomePage - Moving to Sign IN Page
29-04-2024 13:07:14.858 [main] INFO  page.HomePage - Moving to Sign IN Page
29-04-2024 13:07:14.868 [main] INFO  page.HomePage - Moving to Sign IN Page
29-04-2024 13:07:14.876 [main] INFO  tests.HomeTest - Checking page Logo visibility
29-04-2024 13:07:14.876 [main] INFO  tests.HomeTest - Checking Search bar functionality
29-04-2024 13:07:14.876 [main] INFO  page.HomePage - Moving to Search Page for product phone
29-04-2024 13:07:14.891 [main] INFO  page.HomePage - Moving to Search Page for product phone
29-04-2024 13:07:14.906 [main] INFO  page.HomePage - Moving to Search Page for product phone
29-04-2024 13:07:14.918 [main] INFO  tests.HomeTest - Checking page Logo visibility
29-04-2024 13:08:50.928 [main] INFO  page.BasePage - Brower has been set to chrome
29-04-2024 13:08:50.937 [main] INFO  page.BasePage - Brower has been maximized
29-04-2024 13:09:05.373 [main] INFO  page.HomePage - Moving to Language Select Page
29-04-2024 13:09:06.349 [main] INFO  page.LanguageSelectPage - Selecting Language hi
29-04-2024 13:09:06.425 [main] INFO  page.LanguageSelectPage - Language Changed to hi
29-04-2024 13:09:06.543 [main] INFO  page.HomePage - Moving to Language Select Page
29-04-2024 13:09:07.433 [main] INFO  page.LanguageSelectPage - Selecting Language hi
29-04-2024 13:09:07.461 [main] INFO  page.LanguageSelectPage - Language Changed to hi
29-04-2024 13:09:07.788 [main] INFO  tests.SignInPageTest - Checking page title
29-04-2024 13:09:07.789 [main] INFO  page.HomePage - Moving to Sign IN Page
29-04-2024 13:09:09.060 [main] INFO  page.HomePage - Moving to Sign IN Page
29-04-2024 13:09:19.126 [main] INFO  page.HomePage - Moving to Sign IN Page
29-04-2024 13:09:29.218 [main] INFO  tests.HomeTest - Checking page Logo visibility
29-04-2024 13:09:39.307 [main] INFO  tests.HomeTest - Checking Search bar functionality
29-04-2024 13:09:39.309 [main] INFO  page.HomePage - Moving to Search Page for product phone
29-04-2024 13:09:49.346 [main] INFO  page.HomePage - Moving to Search Page for product phone
29-04-2024 13:09:59.389 [main] INFO  page.HomePage - Moving to Search Page for product phone
29-04-2024 13:10:09.438 [main] INFO  tests.HomeTest - Checking page Logo visibility
30-04-2024 13:40:52.816 [main] INFO  page.BasePage - Brower has been set to chrome
30-04-2024 13:40:52.826 [main] INFO  page.BasePage - Brower has been maximized
30-04-2024 13:41:13.729 [main] INFO  page.HomePage - Moving to Language Select Page
30-04-2024 13:41:16.258 [main] INFO  page.LanguageSelectPage - Selecting Language hi
30-04-2024 13:41:16.283 [main] INFO  page.LanguageSelectPage - Language Changed to hi
30-04-2024 13:41:17.138 [main] INFO  page.BasePage - Brower has been set to chrome
30-04-2024 13:41:17.138 [main] INFO  page.BasePage - Brower has been maximized
30-04-2024 13:41:24.539 [main] INFO  page.HomePage - Moving to Language Select Page
30-04-2024 13:41:25.495 [main] INFO  page.LanguageSelectPage - Selecting Language hi
30-04-2024 13:41:25.529 [main] INFO  page.LanguageSelectPage - Language Changed to hi
30-04-2024 13:41:26.391 [main] INFO  page.BasePage - Brower has been set to chrome
30-04-2024 13:41:26.391 [main] INFO  page.BasePage - Brower has been maximized
30-04-2024 13:41:36.946 [main] INFO  tests.SignInPageTest - Checking page title
30-04-2024 13:41:36.946 [main] INFO  page.HomePage - Moving to Sign IN Page
30-04-2024 13:41:40.991 [main] INFO  page.BasePage - Brower has been set to chrome
30-04-2024 13:41:40.991 [main] INFO  page.BasePage - Brower has been maximized
30-04-2024 13:41:57.740 [main] INFO  page.HomePage - Moving to Sign IN Page
30-04-2024 13:42:00.469 [main] WARN  tests.SignInPageTest - Testing with Invalid Email
30-04-2024 13:42:00.473 [main] INFO  page.SignInPage - Enetering Email testtest.com
30-04-2024 13:42:02.098 [main] INFO  page.BasePage - Brower has been set to chrome
30-04-2024 13:42:02.098 [main] INFO  page.BasePage - Brower has been maximized
30-04-2024 13:42:06.405 [main] INFO  page.HomePage - Moving to Sign IN Page
30-04-2024 13:42:08.461 [main] WARN  tests.SignInPageTest - Testing with Wrong Credentials
30-04-2024 13:42:08.461 [main] INFO  page.SignInPage - Enetering Email test@test.com
30-04-2024 13:42:12.066 [main] INFO  page.SignInPage - Enetering password qq
30-04-2024 13:42:17.371 [main] INFO  page.BasePage - Brower has been set to chrome
30-04-2024 13:42:17.371 [main] INFO  page.BasePage - Brower has been maximized
30-04-2024 13:42:26.821 [main] INFO  tests.HomeTest - Checking page Logo visibility
30-04-2024 13:42:27.419 [main] INFO  page.BasePage - Brower has been set to chrome
30-04-2024 13:42:27.419 [main] INFO  page.BasePage - Brower has been maximized
30-04-2024 13:42:31.981 [main] INFO  tests.HomeTest - Checking Search bar functionality
30-04-2024 13:42:31.982 [main] INFO  page.HomePage - Moving to Search Page for product phone
30-04-2024 13:42:34.850 [main] INFO  page.BasePage - Brower has been set to chrome
30-04-2024 13:42:34.850 [main] INFO  page.BasePage - Brower has been maximized
30-04-2024 13:42:39.624 [main] INFO  page.HomePage - Moving to Search Page for product phone
30-04-2024 13:42:43.311 [main] INFO  page.HomePage - Adding Product to Cart
30-04-2024 13:42:45.386 [main] INFO  page.BasePage - Brower has been set to chrome
30-04-2024 13:42:45.386 [main] INFO  page.BasePage - Brower has been maximized
30-04-2024 13:42:51.687 [main] INFO  page.HomePage - Moving to Search Page for product phone
30-04-2024 13:42:54.515 [main] INFO  page.HomePage - Adding no Product to Cart
30-04-2024 13:42:55.396 [main] INFO  page.BasePage - Brower has been set to chrome
30-04-2024 13:42:55.396 [main] INFO  page.BasePage - Brower has been maximized
30-04-2024 13:43:10.567 [main] INFO  tests.HomeTest - Checking page Logo visibility
30-04-2024 18:25:22.320 [main] INFO  page.HomePage - Moving to Search Page for product phone
30-04-2024 18:25:39.327 [main] INFO  page.HomePage - Moving to Search Page for product laptop
30-04-2024 18:38:34.737 [main] INFO  page.HomePage - Moving to Search Page for product phone
30-04-2024 18:38:55.502 [main] INFO  page.HomePage - Moving to Search Page for product laptop
30-04-2024 18:39:25.554 [main] INFO  page.HomePage - Moving to Sign IN Page
30-04-2024 18:39:26.502 [main] INFO  page.SignInPage - Enetering Email test@test.com
30-04-2024 18:39:30.273 [main] INFO  page.SignInPage - Enetering password pwdpwdpwd
30-04-2024 18:39:41.774 [main] INFO  page.HomePage - Moving to Sign IN Page
30-04-2024 18:39:43.698 [main] INFO  page.SignInPage - Enetering Email test2@test.com
30-04-2024 18:39:45.126 [main] INFO  page.SignInPage - Enetering password pwspwpspws
30-04-2024 18:39:55.009 [main] INFO  page.HomePage - Moving to Sign IN Page
30-04-2024 18:39:57.864 [main] INFO  page.SignInPage - Enetering Email test3@test.com
30-04-2024 18:39:59.571 [main] INFO  page.SignInPage - Enetering password pwdpwdpwd
30-04-2024 18:40:10.966 [main] INFO  page.HomePage - Moving to Sign IN Page
30-04-2024 18:40:13.273 [main] INFO  page.SignInPage - Enetering Email test4@test.com
30-04-2024 18:40:15.609 [main] INFO  page.SignInPage - Enetering password pwspwpspws
30-04-2024 18:40:23.980 [main] INFO  page.HomePage - Moving to Sign IN Page
30-04-2024 18:40:25.079 [main] INFO  page.SignInPage - Enetering Email testtest.com
30-04-2024 18:40:37.592 [main] INFO  page.HomePage - Moving to Sign IN Page
30-04-2024 18:40:38.546 [main] INFO  page.SignInPage - Enetering Email test2@test
30-04-2024 18:40:45.371 [main] INFO  page.HomePage - Moving to Sign IN Page
30-04-2024 18:40:48.470 [main] INFO  page.SignInPage - Enetering Email dadsdad
01-05-2024 11:01:18.237 [main] INFO  page.HomePage - Moving to Search Page for product phone
01-05-2024 11:01:29.621 [main] INFO  page.HomePage - Moving to Search Page for product laptop
01-05-2024 11:01:46.280 [main] INFO  page.HomePage - Moving to Sign IN Page
01-05-2024 11:01:47.253 [main] INFO  page.SignInPage - Enetering Email test@test.com
01-05-2024 11:01:50.449 [main] INFO  page.SignInPage - Enetering password pwdpwdpwd
01-05-2024 11:02:04.164 [main] INFO  page.HomePage - Moving to Sign IN Page
01-05-2024 11:02:05.388 [main] INFO  page.SignInPage - Enetering Email test2@test.com
01-05-2024 11:02:06.520 [main] INFO  page.SignInPage - Enetering password pwspwpspws
01-05-2024 11:02:22.135 [main] INFO  page.HomePage - Moving to Sign IN Page
01-05-2024 11:02:26.832 [main] INFO  page.SignInPage - Enetering Email test3@test.com
01-05-2024 11:02:28.059 [main] INFO  page.SignInPage - Enetering password pwdpwdpwd
01-05-2024 11:02:36.585 [main] INFO  page.HomePage - Moving to Sign IN Page
01-05-2024 11:02:37.754 [main] INFO  page.SignInPage - Enetering Email test4@test.com
01-05-2024 11:02:38.877 [main] INFO  page.SignInPage - Enetering password pwspwpspws
01-05-2024 11:02:48.767 [main] INFO  page.HomePage - Moving to Sign IN Page
01-05-2024 11:02:49.729 [main] INFO  page.SignInPage - Enetering Email testtest.com
01-05-2024 11:03:07.740 [main] INFO  page.HomePage - Moving to Sign IN Page
01-05-2024 11:03:09.010 [main] INFO  page.SignInPage - Enetering Email test2@test
01-05-2024 11:03:39.378 [main] INFO  page.HomePage - Moving to Sign IN Page
01-05-2024 11:03:40.872 [main] INFO  page.SignInPage - Enetering Email dadsdad
01-05-2024 12:25:56.775 [main] INFO  page.HomePage - Moving to Search Page for product phone
01-05-2024 12:26:16.930 [main] INFO  page.HomePage - Moving to Search Page for product laptop
01-05-2024 12:52:41.531 [main] INFO  page.HomePage - Moving to Sign IN Page
01-05-2024 12:52:43.307 [main] INFO  page.SignInPage - Enetering Email test@test.com
01-05-2024 12:52:46.910 [main] INFO  page.SignInPage - Enetering password pwdpwdpwd
01-05-2024 12:53:04.287 [main] INFO  page.HomePage - Moving to Sign IN Page
01-05-2024 12:55:07.262 [main] INFO  page.HomePage - Moving to Search Page for product phone
01-05-2024 12:55:15.975 [main] INFO  page.HomePage - Moving to Search Page for product laptop
01-05-2024 12:55:34.530 [main] INFO  page.HomePage - Moving to Language Select Page
01-05-2024 12:55:35.541 [main] INFO  page.LanguageSelectPage - Selecting Language hi
01-05-2024 12:55:35.575 [main] INFO  page.LanguageSelectPage - Language Changed to hi
01-05-2024 12:55:40.866 [main] INFO  page.HomePage - Moving to Sign IN Page
01-05-2024 12:55:42.179 [main] INFO  page.SignInPage - Enetering Email test@test.com
01-05-2024 12:55:45.013 [main] INFO  page.SignInPage - Enetering password pwdpwdpwd
01-05-2024 12:56:01.258 [main] INFO  page.HomePage - Moving to Sign IN Page
01-05-2024 12:56:03.938 [main] INFO  page.SignInPage - Enetering Email test2@test.com
01-05-2024 12:56:06.894 [main] INFO  page.SignInPage - Enetering password pwspwpspws
01-05-2024 12:56:19.263 [main] INFO  page.HomePage - Moving to Sign IN Page
01-05-2024 12:56:20.797 [main] INFO  page.SignInPage - Enetering Email test3@test.com
01-05-2024 12:56:22.184 [main] INFO  page.SignInPage - Enetering password pwdpwdpwd
01-05-2024 12:56:31.606 [main] INFO  page.HomePage - Moving to Sign IN Page
01-05-2024 12:56:32.649 [main] INFO  page.SignInPage - Enetering Email test4@test.com
01-05-2024 12:56:33.794 [main] INFO  page.SignInPage - Enetering password pwspwpspws
01-05-2024 12:56:49.506 [main] INFO  page.HomePage - Moving to Sign IN Page
01-05-2024 12:56:51.617 [main] INFO  page.SignInPage - Enetering Email testtest.com
01-05-2024 12:57:17.571 [main] INFO  page.HomePage - Moving to Sign IN Page
01-05-2024 12:57:18.846 [main] INFO  page.SignInPage - Enetering Email test2@test
01-05-2024 12:57:26.288 [main] INFO  page.HomePage - Moving to Sign IN Page
01-05-2024 12:57:27.290 [main] INFO  page.SignInPage - Enetering Email dadsdad
01-05-2024 13:04:10.527 [main] INFO  page.HomePage - Moving to Search Page for product phone
01-05-2024 13:04:41.064 [main] INFO  page.HomePage - Moving to Search Page for product laptop
01-05-2024 13:07:27.648 [main] INFO  page.HomePage - Moving to Search Page for product phone
01-05-2024 13:09:16.078 [main] INFO  page.HomePage - Moving to Search Page for product phone
01-05-2024 13:09:26.251 [main] INFO  page.HomePage - Moving to Search Page for product laptop
01-05-2024 13:11:00.170 [main] INFO  page.HomePage - Moving to Search Page for product phone
01-05-2024 13:11:31.583 [main] INFO  page.HomePage - Moving to Search Page for product laptop
01-05-2024 13:11:49.427 [main] INFO  page.HomePage - Moving to Language Select Page
01-05-2024 13:11:50.303 [main] INFO  page.LanguageSelectPage - Selecting Language hi
01-05-2024 13:11:50.339 [main] INFO  page.LanguageSelectPage - Language Changed to hi
01-05-2024 13:11:57.118 [main] INFO  page.HomePage - Moving to Sign IN Page
01-05-2024 13:11:58.056 [main] INFO  page.SignInPage - Enetering Email test@test.com
01-05-2024 13:12:00.573 [main] INFO  page.SignInPage - Enetering password pwdpwdpwd
01-05-2024 13:12:10.876 [main] INFO  page.HomePage - Moving to Sign IN Page
01-05-2024 13:12:14.042 [main] INFO  page.SignInPage - Enetering Email test2@test.com
01-05-2024 13:12:15.664 [main] INFO  page.SignInPage - Enetering password pwspwpspws
01-05-2024 13:12:26.911 [main] INFO  page.HomePage - Moving to Sign IN Page
01-05-2024 13:12:28.072 [main] INFO  page.SignInPage - Enetering Email test3@test.com
01-05-2024 13:12:29.355 [main] INFO  page.SignInPage - Enetering password pwdpwdpwd
01-05-2024 13:12:38.846 [main] INFO  page.HomePage - Moving to Sign IN Page
01-05-2024 13:12:40.562 [main] INFO  page.SignInPage - Enetering Email test4@test.com
01-05-2024 13:12:41.751 [main] INFO  page.SignInPage - Enetering password pwspwpspws
01-05-2024 13:12:51.457 [main] INFO  page.HomePage - Moving to Sign IN Page
01-05-2024 13:12:53.541 [main] INFO  page.SignInPage - Enetering Email testtest.com
01-05-2024 13:13:01.352 [main] INFO  page.HomePage - Moving to Sign IN Page
01-05-2024 13:13:02.339 [main] INFO  page.SignInPage - Enetering Email test2@test
01-05-2024 13:13:09.835 [main] INFO  page.HomePage - Moving to Sign IN Page
01-05-2024 13:13:10.833 [main] INFO  page.SignInPage - Enetering Email dadsdad
02-05-2024 10:46:19.646 [main] INFO  page.HomePage - Moving to Search Page for product phone
02-05-2024 10:46:38.427 [main] INFO  page.HomePage - Moving to Search Page for product laptop
02-05-2024 10:46:51.972 [main] INFO  page.HomePage - Moving to Language Select Page
02-05-2024 10:46:52.732 [main] INFO  page.LanguageSelectPage - Selecting Language hi
02-05-2024 10:46:52.771 [main] INFO  page.LanguageSelectPage - Language Changed to hi
02-05-2024 10:46:56.869 [main] INFO  page.HomePage - Moving to Sign IN Page
02-05-2024 10:47:59.371 [main] INFO  page.HomePage - Moving to Search Page for product phone
02-05-2024 10:48:16.456 [main] INFO  page.HomePage - Moving to Search Page for product laptop
02-05-2024 10:49:26.769 [main] INFO  page.HomePage - Moving to Search Page for product samsung phone
02-05-2024 10:57:11.103 [main] INFO  page.HomePage - Moving to Search Page for product redmi 10 pro
02-05-2024 10:57:20.885 [main] INFO  page.HomePage - Moving to Search Page for product lenovo laptop
02-05-2024 10:58:54.622 [main] INFO  page.HomePage - Moving to Search Page for product redmi 10 pro
02-05-2024 10:59:03.351 [main] INFO  page.HomePage - Moving to Search Page for product lenovo laptop
02-05-2024 11:00:51.748 [main] INFO  page.HomePage - Moving to Search Page for product redmi 10 pro
02-05-2024 11:01:01.014 [main] INFO  page.HomePage - Moving to Search Page for product lenovo laptop
02-05-2024 11:01:56.725 [main] INFO  page.HomePage - Moving to Search Page for product redmi 10 pro
02-05-2024 11:02:07.038 [main] INFO  page.HomePage - Moving to Search Page for product lenovo laptop
02-05-2024 11:02:21.582 [main] INFO  page.HomePage - Moving to Language Select Page
02-05-2024 11:02:22.386 [main] INFO  page.LanguageSelectPage - Selecting Language hi
02-05-2024 11:02:22.401 [main] INFO  page.LanguageSelectPage - Language Changed to hi
02-05-2024 11:02:27.262 [main] INFO  page.HomePage - Moving to Sign IN Page
02-05-2024 11:02:28.368 [main] INFO  page.SignInPage - Enetering Email test@test.com
02-05-2024 11:02:31.745 [main] INFO  page.SignInPage - Enetering password pwdpwdpwd
02-05-2024 11:02:41.565 [main] INFO  page.HomePage - Moving to Sign IN Page
02-05-2024 11:02:42.577 [main] INFO  page.SignInPage - Enetering Email test2@test.com
02-05-2024 11:02:43.899 [main] INFO  page.SignInPage - Enetering password pwspwpspws
02-05-2024 11:02:51.358 [main] INFO  page.HomePage - Moving to Sign IN Page
02-05-2024 11:02:52.447 [main] INFO  page.SignInPage - Enetering Email test3@test.com
02-05-2024 11:02:53.864 [main] INFO  page.SignInPage - Enetering password pwdpwdpwd
02-05-2024 11:03:00.377 [main] INFO  page.HomePage - Moving to Sign IN Page
02-05-2024 11:03:01.455 [main] INFO  page.SignInPage - Enetering Email test4@test.com
02-05-2024 11:03:02.542 [main] INFO  page.SignInPage - Enetering password pwspwpspws
02-05-2024 11:03:09.387 [main] INFO  page.HomePage - Moving to Sign IN Page
02-05-2024 11:03:10.348 [main] INFO  page.SignInPage - Enetering Email testtest.com
02-05-2024 11:03:16.007 [main] INFO  page.HomePage - Moving to Sign IN Page
02-05-2024 11:03:16.929 [main] INFO  page.SignInPage - Enetering Email test2@test
02-05-2024 11:03:22.458 [main] INFO  page.HomePage - Moving to Sign IN Page
02-05-2024 11:03:23.675 [main] INFO  page.SignInPage - Enetering Email dadsdad
02-05-2024 11:23:56.408 [main] INFO  page.HomePage - Moving to Search Page for product redmi 10 pro
02-05-2024 11:24:09.537 [main] INFO  page.HomePage - Moving to Search Page for product lenovo laptop
02-05-2024 11:24:32.393 [main] INFO  page.HomePage - Moving to Language Select Page
02-05-2024 11:24:34.441 [main] INFO  page.LanguageSelectPage - Selecting Language hi
02-05-2024 11:24:34.488 [main] INFO  page.LanguageSelectPage - Language Changed to hi
02-05-2024 11:24:39.592 [main] INFO  page.HomePage - Moving to Sign IN Page
02-05-2024 11:26:26.645 [main] INFO  page.HomePage - Moving to Search Page for product redmi 10 pro
02-05-2024 11:27:32.419 [main] INFO  page.HomePage - Moving to Search Page for product redmi 10 pro
02-05-2024 11:30:03.154 [main] INFO  page.HomePage - Moving to Search Page for product redmi 10 pro
02-05-2024 11:30:13.339 [main] INFO  page.HomePage - Moving to Search Page for product lenovo laptop
02-05-2024 11:30:29.766 [main] INFO  page.HomePage - Moving to Language Select Page
02-05-2024 11:30:30.800 [main] INFO  page.LanguageSelectPage - Selecting Language hi
02-05-2024 11:30:30.821 [main] INFO  page.LanguageSelectPage - Language Changed to hi
02-05-2024 11:30:36.671 [main] INFO  page.HomePage - Moving to Sign IN Page
02-05-2024 11:30:37.764 [main] INFO  page.SignInPage - Enetering Email test@test.com
02-05-2024 11:30:41.681 [main] INFO  page.SignInPage - Enetering password pwdpwdpwd
02-05-2024 11:30:51.276 [main] INFO  page.HomePage - Moving to Sign IN Page
02-05-2024 11:36:53.739 [main] INFO  page.HomePage - Moving to Search Page for product redmi 10 pro
02-05-2024 11:37:06.232 [main] INFO  page.HomePage - Moving to Search Page for product lenovo laptop
02-05-2024 11:37:22.765 [main] INFO  page.HomePage - Moving to Language Select Page
02-05-2024 11:37:23.847 [main] INFO  page.LanguageSelectPage - Selecting Language hi
02-05-2024 11:37:23.881 [main] INFO  page.LanguageSelectPage - Language Changed to hi
02-05-2024 11:38:39.134 [main] INFO  page.HomePage - Moving to Search Page for product redmi 10 pro
02-05-2024 11:45:32.702 [main] INFO  page.HomePage - Moving to Search Page for product redmi 10 pro
02-05-2024 11:45:43.716 [main] INFO  page.HomePage - Moving to Search Page for product lenovo laptop
02-05-2024 11:46:06.599 [main] INFO  page.HomePage - Moving to Language Select Page
02-05-2024 11:46:07.597 [main] INFO  page.LanguageSelectPage - Selecting Language hi
02-05-2024 11:46:07.628 [main] INFO  page.LanguageSelectPage - Language Changed to hi
02-05-2024 11:46:14.002 [main] INFO  page.HomePage - Moving to Sign IN Page
02-05-2024 11:46:15.532 [main] INFO  page.SignInPage - Enetering Email test@test.com
02-05-2024 11:46:19.385 [main] INFO  page.SignInPage - Enetering password pwdpwdpwd
02-05-2024 11:47:00.023 [main] INFO  page.HomePage - Moving to Sign IN Page
02-05-2024 11:47:03.087 [main] INFO  page.SignInPage - Enetering Email test2@test.com
02-05-2024 11:47:04.552 [main] INFO  page.SignInPage - Enetering password pwspwpspws
02-05-2024 11:47:18.746 [main] INFO  page.HomePage - Moving to Sign IN Page
02-05-2024 11:47:22.807 [main] INFO  page.SignInPage - Enetering Email test3@test.com
02-05-2024 11:47:24.274 [main] INFO  page.SignInPage - Enetering password pwdpwdpwd
02-05-2024 11:57:19.952 [main] INFO  page.HomePage - Moving to Search Page for product redmi 10 pro
02-05-2024 11:57:32.092 [main] INFO  page.HomePage - Moving to Search Page for product lenovo laptop
02-05-2024 11:57:57.632 [main] INFO  page.HomePage - Moving to Language Select Page
02-05-2024 11:57:58.944 [main] INFO  page.LanguageSelectPage - Selecting Language hi
02-05-2024 11:57:59.001 [main] INFO  page.LanguageSelectPage - Language Changed to hi
02-05-2024 11:58:07.826 [main] INFO  page.HomePage - Moving to Sign IN Page
02-05-2024 11:58:08.754 [main] INFO  page.SignInPage - Enetering Email test@test.com
02-05-2024 11:58:11.542 [main] INFO  page.SignInPage - Enetering password pwdpwdpwd
02-05-2024 11:58:22.607 [main] INFO  page.HomePage - Moving to Sign IN Page
02-05-2024 11:58:23.499 [main] INFO  page.SignInPage - Enetering Email test2@test.com
02-05-2024 11:58:24.623 [main] INFO  page.SignInPage - Enetering password pwspwpspws
02-05-2024 11:58:35.868 [main] INFO  page.HomePage - Moving to Sign IN Page
02-05-2024 11:58:36.663 [main] INFO  page.SignInPage - Enetering Email test3@test.com
02-05-2024 11:58:38.105 [main] INFO  page.SignInPage - Enetering password pwdpwdpwd
02-05-2024 11:58:48.186 [main] INFO  page.HomePage - Moving to Sign IN Page
02-05-2024 11:58:49.164 [main] INFO  page.SignInPage - Enetering Email test4@test.com
02-05-2024 11:58:51.635 [main] INFO  page.SignInPage - Enetering password pwspwpspws
02-05-2024 11:59:04.585 [main] INFO  page.HomePage - Moving to Sign IN Page
02-05-2024 11:59:05.326 [main] INFO  page.SignInPage - Enetering Email testtest.com
02-05-2024 11:59:15.088 [main] INFO  page.HomePage - Moving to Sign IN Page
02-05-2024 11:59:17.667 [main] INFO  page.SignInPage - Enetering Email test2@test
02-05-2024 11:59:25.209 [main] INFO  page.HomePage - Moving to Sign IN Page
02-05-2024 11:59:26.219 [main] INFO  page.SignInPage - Enetering Email dadsdad
02-05-2024 12:17:02.965 [main] INFO  page.HomePage - Moving to Search Page for product redmi 10 pro
02-05-2024 12:19:44.330 [main] INFO  page.BasePage - Brower has been set to chrome
02-05-2024 12:19:44.339 [main] INFO  page.BasePage - Brower has been maximized
02-05-2024 12:19:58.409 [main] INFO  tests.HomeTest - Checking page Logo visibility
02-05-2024 12:19:59.146 [main] INFO  page.BasePage - Brower has been set to chrome
02-05-2024 12:19:59.146 [main] INFO  page.BasePage - Brower has been maximized
02-05-2024 12:20:12.012 [main] INFO  tests.HomeTest - Checking Search bar functionality
02-05-2024 12:20:12.064 [main] INFO  page.HomePage - Moving to Search Page for product phone
02-05-2024 12:20:16.249 [main] INFO  page.BasePage - Brower has been set to chrome
02-05-2024 12:20:16.249 [main] INFO  page.BasePage - Brower has been maximized
02-05-2024 12:20:31.546 [main] INFO  page.HomePage - Moving to Search Page for product phone
02-05-2024 12:20:34.084 [main] INFO  page.HomePage - Adding Product to Cart
02-05-2024 12:20:35.060 [main] INFO  page.BasePage - Brower has been set to chrome
02-05-2024 12:20:35.060 [main] INFO  page.BasePage - Brower has been maximized
02-05-2024 12:20:46.464 [main] INFO  page.HomePage - Moving to Search Page for product phone
02-05-2024 12:20:50.358 [main] INFO  page.HomePage - Adding no Product to Cart
02-05-2024 12:20:51.688 [main] INFO  page.BasePage - Brower has been set to chrome
02-05-2024 12:20:51.688 [main] INFO  page.BasePage - Brower has been maximized
02-05-2024 12:21:02.277 [main] INFO  tests.HomeTest - Checking page Logo visibility
02-05-2024 12:21:03.756 [main] INFO  page.BasePage - Brower has been set to chrome
02-05-2024 12:21:03.756 [main] INFO  page.BasePage - Brower has been maximized
02-05-2024 12:21:10.088 [main] INFO  page.HomePage - Moving to Language Select Page
02-05-2024 12:21:11.649 [main] INFO  page.LanguageSelectPage - Selecting Language hi
02-05-2024 12:21:11.697 [main] INFO  page.LanguageSelectPage - Language Changed to hi
02-05-2024 12:21:12.498 [main] INFO  page.BasePage - Brower has been set to chrome
02-05-2024 12:21:12.498 [main] INFO  page.BasePage - Brower has been maximized
02-05-2024 12:21:18.367 [main] INFO  page.HomePage - Moving to Language Select Page
02-05-2024 12:21:19.297 [main] INFO  page.LanguageSelectPage - Selecting Language hi
02-05-2024 12:21:19.341 [main] INFO  page.LanguageSelectPage - Language Changed to hi
02-05-2024 12:21:20.412 [main] INFO  page.BasePage - Brower has been set to chrome
02-05-2024 12:21:20.412 [main] INFO  page.BasePage - Brower has been maximized
02-05-2024 12:21:28.830 [main] INFO  tests.SignInPageTest - Checking page title
02-05-2024 12:21:28.831 [main] INFO  page.HomePage - Moving to Sign IN Page
02-05-2024 12:21:32.143 [main] INFO  page.BasePage - Brower has been set to chrome
02-05-2024 12:21:32.144 [main] INFO  page.BasePage - Brower has been maximized
02-05-2024 12:21:38.413 [main] INFO  page.HomePage - Moving to Sign IN Page
02-05-2024 12:21:40.355 [main] WARN  tests.SignInPageTest - Testing with Invalid Email
02-05-2024 12:21:40.358 [main] INFO  page.SignInPage - Enetering Email testtest.com
02-05-2024 12:21:42.538 [main] INFO  page.BasePage - Brower has been set to chrome
02-05-2024 12:21:42.538 [main] INFO  page.BasePage - Brower has been maximized
02-05-2024 12:22:15.544 [main] INFO  page.HomePage - Moving to Sign IN Page
02-05-2024 12:22:17.285 [main] WARN  tests.SignInPageTest - Testing with Wrong Credentials
02-05-2024 12:22:17.285 [main] INFO  page.SignInPage - Enetering Email test@test.com
02-05-2024 12:22:20.070 [main] INFO  page.SignInPage - Enetering password qq
02-05-2024 12:37:54.941 [main] INFO  page.HomePage - Moving to Sign IN Page
02-05-2024 12:37:55.829 [main] INFO  page.SignInPage - Enetering Email test@test.com
02-05-2024 12:37:59.949 [main] INFO  page.SignInPage - Enetering password pwdpwdpwd
02-05-2024 12:38:13.384 [main] INFO  page.HomePage - Moving to Sign IN Page
02-05-2024 12:38:14.939 [main] INFO  page.SignInPage - Enetering Email test2@test.com
02-05-2024 12:38:16.249 [main] INFO  page.SignInPage - Enetering password pwspwpspws
02-05-2024 12:38:36.015 [main] INFO  page.HomePage - Moving to Sign IN Page
02-05-2024 12:38:36.963 [main] INFO  page.SignInPage - Enetering Email test3@test.com
02-05-2024 12:38:38.136 [main] INFO  page.SignInPage - Enetering password pwdpwdpwd
02-05-2024 12:38:54.249 [main] INFO  page.HomePage - Moving to Sign IN Page
02-05-2024 12:38:56.879 [main] INFO  page.SignInPage - Enetering Email test4@test.com
02-05-2024 12:38:58.900 [main] INFO  page.SignInPage - Enetering password pwspwpspws
02-05-2024 12:39:21.404 [main] INFO  page.HomePage - Moving to Sign IN Page
02-05-2024 12:39:25.339 [main] INFO  page.SignInPage - Enetering Email testtest.com
02-05-2024 12:40:06.082 [main] INFO  page.HomePage - Moving to Sign IN Page
02-05-2024 12:40:08.586 [main] INFO  page.SignInPage - Enetering Email test2@test
02-05-2024 12:40:16.648 [main] INFO  page.HomePage - Moving to Sign IN Page
02-05-2024 12:40:17.559 [main] INFO  page.SignInPage - Enetering Email dadsdad
02-05-2024 12:43:12.163 [main] INFO  page.HomePage - Moving to Sign IN Page
02-05-2024 12:43:14.162 [main] INFO  page.SignInPage - Enetering Email test@test.com
02-05-2024 12:43:17.531 [main] INFO  page.SignInPage - Enetering password pwdpwdpwd
02-05-2024 12:43:30.762 [main] INFO  page.HomePage - Moving to Sign IN Page
02-05-2024 12:43:32.755 [main] INFO  page.SignInPage - Enetering Email test2@test.com
02-05-2024 12:43:34.169 [main] INFO  page.SignInPage - Enetering password pwspwpspws
02-05-2024 12:43:42.743 [main] INFO  page.HomePage - Moving to Sign IN Page
02-05-2024 12:43:43.785 [main] INFO  page.SignInPage - Enetering Email test3@test.com
02-05-2024 12:43:44.826 [main] INFO  page.SignInPage - Enetering password pwdpwdpwd
02-05-2024 12:44:34.816 [main] INFO  page.HomePage - Moving to Sign IN Page
02-05-2024 12:44:39.197 [main] INFO  page.SignInPage - Enetering Email test4@test.com
02-05-2024 12:44:41.275 [main] INFO  page.SignInPage - Enetering password pwspwpspws
02-05-2024 12:49:08.190 [main] INFO  page.HomePage - Moving to Search Page for product redmi 10 pro
02-05-2024 12:49:19.286 [main] INFO  page.HomePage - Moving to Search Page for product lenovo laptop
02-05-2024 12:49:57.280 [main] INFO  page.HomePage - Moving to Search Page for product redmi 10 pro
02-05-2024 12:50:10.206 [main] INFO  page.HomePage - Moving to Search Page for product lenovo laptop
02-05-2024 12:50:25.914 [main] INFO  page.HomePage - Moving to Language Select Page
02-05-2024 12:50:26.797 [main] INFO  page.LanguageSelectPage - Selecting Language hi
02-05-2024 12:50:26.828 [main] INFO  page.LanguageSelectPage - Language Changed to hi
02-05-2024 12:50:35.655 [main] INFO  page.HomePage - Moving to Sign IN Page
02-05-2024 12:50:37.089 [main] INFO  page.SignInPage - Enetering Email test@test.com
02-05-2024 12:50:39.613 [main] INFO  page.SignInPage - Enetering password pwdpwdpwd
02-05-2024 12:50:52.481 [main] INFO  page.HomePage - Moving to Sign IN Page
02-05-2024 12:50:54.864 [main] INFO  page.SignInPage - Enetering Email test2@test.com
02-05-2024 12:50:56.496 [main] INFO  page.SignInPage - Enetering password pwspwpspws
02-05-2024 12:51:28.893 [main] INFO  page.HomePage - Moving to Sign IN Page
02-05-2024 12:51:30.224 [main] INFO  page.SignInPage - Enetering Email test3@test.com
02-05-2024 12:51:31.762 [main] INFO  page.SignInPage - Enetering password pwdpwdpwd
02-05-2024 12:51:41.301 [main] INFO  page.HomePage - Moving to Sign IN Page
02-05-2024 12:51:42.284 [main] INFO  page.SignInPage - Enetering Email test4@test.com
02-05-2024 12:51:43.950 [main] INFO  page.SignInPage - Enetering password pwspwpspws
02-05-2024 12:51:53.738 [main] INFO  page.HomePage - Moving to Sign IN Page
02-05-2024 12:51:54.747 [main] INFO  page.SignInPage - Enetering Email testtest.com
02-05-2024 12:52:02.497 [main] INFO  page.HomePage - Moving to Sign IN Page
02-05-2024 12:52:03.460 [main] INFO  page.SignInPage - Enetering Email test2@test
02-05-2024 12:52:12.527 [main] INFO  page.HomePage - Moving to Sign IN Page
02-05-2024 12:52:13.427 [main] INFO  page.SignInPage - Enetering Email dadsdad
